<?xml version="1.0" encoding="UTF-8"?>
<!-- Generated by org.testng.reporters.JUnitXMLReporter -->
<testsuite ignored="0" hostname="LTIN486831" failures="0" tests="10" name="edge" time="148.191" errors="0" timestamp="2024-04-09T17:31:59 IST">
  <testcase classname="testCases.TC1_CourseraSearchWebDev" name="searchForCourses" time="5.585"/>
  <testcase classname="testCases.TC1_CourseraSearchWebDev" name="Applyfilters" time="3.456"/>
  <testcase classname="testCases.TC1_CourseraSearchWebDev" name="selectFirstCourse" time="1.347"/>
  <testcase classname="testCases.TC1_CourseraSearchWebDev" name="getFirstCourseData" time="5.372"/>
  <testcase classname="testCases.TC1_CourseraSearchWebDev" name="selectSecondCourse" time="0.272"/>
  <testcase classname="testCases.TC1_CourseraSearchWebDev" name="getSecondCourseData" time="5.309"/>
  <testcase classname="testCases.TC2_Languagelearn" name="searchbox" time="5.294"/>
  <testcase classname="testCases.TC2_Languagelearn" name="languagescourses" time="7.734"/>
  <testcase classname="testCases.TC3_enterprises" name="forEnterprise" time="69.818"/>
  <testcase classname="testCases.TC3_enterprises" name="submitForm" time="3.937"/>
</testsuite> <!-- edge -->
