<?xml version="1.0" encoding="UTF-8"?>
<!-- Generated by org.testng.reporters.JUnitXMLReporter -->
<testsuite ignored="0" hostname="LTIN485672" failures="0" tests="10" name="Test" time="97.207" errors="0" timestamp="2024-04-10T14:59:31 IST">
  <testcase classname="testCases.TC1_CourseraSearchWebDev" name="searchForCourses" time="6.825"/>
  <testcase classname="testCases.TC1_CourseraSearchWebDev" name="Applyfilters" time="3.621"/>
  <testcase classname="testCases.TC1_CourseraSearchWebDev" name="selectFirstCourse" time="1.262"/>
  <testcase classname="testCases.TC1_CourseraSearchWebDev" name="getFirstCourseData" time="7.192"/>
  <testcase classname="testCases.TC1_CourseraSearchWebDev" name="selectSecondCourse" time="0.232"/>
  <testcase classname="testCases.TC1_CourseraSearchWebDev" name="getSecondCourseData" time="5.489"/>
  <testcase classname="testCases.TC2_Languagelearn" name="searchbox" time="6.317"/>
  <testcase classname="testCases.TC2_Languagelearn" name="languagescourses" time="6.283"/>
  <testcase classname="testCases.TC3_enterprises" name="forEnterprise" time="16.217"/>
  <testcase classname="testCases.TC3_enterprises" name="submitForm" time="4.172"/>
</testsuite> <!-- Test -->
